This is pdfTeX, Version 3.141592653-2.6-1.40.27 (TeX Live 2025) (preloaded format=pdflatex 2025.10.29)  13 JUN 2026 19:46
entering extended mode
 restricted \write18 enabled.
 %&-line parsing enabled.
**main.tex
(./main.tex
LaTeX2e <2024-11-01> patch level 2
L3 programming layer <2025-01-18>
(/usr/local/texlive/2025/texmf-dist/tex/latex/ieeetran/IEEEtran.cls
Document Class: IEEEtran 2015/08/26 V1.8b by Michael Shell
-- See the "IEEEtran_HOWTO" manual for usage information.
-- http://www.michaelshell.org/tex/ieeetran/
\@IEEEtrantmpdimenA=\dimen141
\@IEEEtrantmpdimenB=\dimen142
\@IEEEtrantmpdimenC=\dimen143
\@IEEEtrantmpcountA=\count196
\@IEEEtrantmpcountB=\count197
\@IEEEtrantmpcountC=\count198
\@IEEEtrantmptoksA=\toks17
LaTeX Font Info:    Trying to load font information for OT1+ptm on input line 5
03.
(/usr/local/texlive/2025/texmf-dist/tex/latex/psnfss/ot1ptm.fd
File: ot1ptm.fd 2001/06/04 font definitions for OT1/ptm.
)
-- Using 8.5in x 11in (letter) paper.
-- Using PDF output.
\@IEEEnormalsizeunitybaselineskip=\dimen144
-- This is a 10 point document.
\CLASSINFOnormalsizebaselineskip=\dimen145
\CLASSINFOnormalsizeunitybaselineskip=\dimen146
\IEEEnormaljot=\dimen147
LaTeX Font Info:    Font shape `OT1/ptm/bx/n' in size <5> not available
(Font)              Font shape `OT1/ptm/b/n' tried instead on input line 1090.
LaTeX Font Info:    Font shape `OT1/ptm/bx/it' in size <5> not available
(Font)              Font shape `OT1/ptm/b/it' tried instead on input line 1090.

LaTeX Font Info:    Font shape `OT1/ptm/bx/n' in size <7> not available
(Font)              Font shape `OT1/ptm/b/n' tried instead on input line 1090.
LaTeX Font Info:    Font shape `OT1/ptm/bx/it' in size <7> not available
(Font)              Font shape `OT1/ptm/b/it' tried instead on input line 1090.

LaTeX Font Info:    Font shape `OT1/ptm/bx/n' in size <8> not available
(Font)              Font shape `OT1/ptm/b/n' tried instead on input line 1090.
LaTeX Font Info:    Font shape `OT1/ptm/bx/it' in size <8> not available
(Font)              Font shape `OT1/ptm/b/it' tried instead on input line 1090.

LaTeX Font Info:    Font shape `OT1/ptm/bx/n' in size <9> not available
(Font)              Font shape `OT1/ptm/b/n' tried instead on input line 1090.
LaTeX Font Info:    Font shape `OT1/ptm/bx/it' in size <9> not available
(Font)              Font shape `OT1/ptm/b/it' tried instead on input line 1090.

LaTeX Font Info:    Font shape `OT1/ptm/bx/n' in size <10> not available
(Font)              Font shape `OT1/ptm/b/n' tried instead on input line 1090.
LaTeX Font Info:    Font shape `OT1/ptm/bx/it' in size <10> not available
(Font)              Font shape `OT1/ptm/b/it' tried instead on input line 1090.

LaTeX Font Info:    Font shape `OT1/ptm/bx/n' in size <11> not available
(Font)              Font shape `OT1/ptm/b/n' tried instead on input line 1090.
LaTeX Font Info:    Font shape `OT1/ptm/bx/it' in size <11> not available
(Font)              Font shape `OT1/ptm/b/it' tried instead on input line 1090.

LaTeX Font Info:    Font shape `OT1/ptm/bx/n' in size <12> not available
(Font)              Font shape `OT1/ptm/b/n' tried instead on input line 1090.
LaTeX Font Info:    Font shape `OT1/ptm/bx/it' in size <12> not available
(Font)              Font shape `OT1/ptm/b/it' tried instead on input line 1090.

LaTeX Font Info:    Font shape `OT1/ptm/bx/n' in size <17> not available
(Font)              Font shape `OT1/ptm/b/n' tried instead on input line 1090.
LaTeX Font Info:    Font shape `OT1/ptm/bx/it' in size <17> not available
(Font)              Font shape `OT1/ptm/b/it' tried instead on input line 1090.

LaTeX Font Info:    Font shape `OT1/ptm/bx/n' in size <20> not available
(Font)              Font shape `OT1/ptm/b/n' tried instead on input line 1090.
LaTeX Font Info:    Font shape `OT1/ptm/bx/it' in size <20> not available
(Font)              Font shape `OT1/ptm/b/it' tried instead on input line 1090.

LaTeX Font Info:    Font shape `OT1/ptm/bx/n' in size <24> not available
(Font)              Font shape `OT1/ptm/b/n' tried instead on input line 1090.
LaTeX Font Info:    Font shape `OT1/ptm/bx/it' in size <24> not available
(Font)              Font shape `OT1/ptm/b/it' tried instead on input line 1090.

\IEEEquantizedlength=\dimen148
\IEEEquantizedlengthdiff=\dimen149
\IEEEquantizedtextheightdiff=\dimen150
\IEEEilabelindentA=\dimen151
\IEEEilabelindentB=\dimen152
\IEEEilabelindent=\dimen153
\IEEEelabelindent=\dimen154
\IEEEdlabelindent=\dimen155
\IEEElabelindent=\dimen156
\IEEEiednormlabelsep=\dimen157
\IEEEiedmathlabelsep=\dimen158
\IEEEiedtopsep=\skip49
\c@section=\count199
\c@subsection=\count266
\c@subsubsection=\count267
\c@paragraph=\count268
\c@IEEEsubequation=\count269
\abovecaptionskip=\skip50
\belowcaptionskip=\skip51
\c@figure=\count270
\c@table=\count271
\@IEEEeqnnumcols=\count272
\@IEEEeqncolcnt=\count273
\@IEEEsubeqnnumrollback=\count274
\@IEEEquantizeheightA=\dimen159
\@IEEEquantizeheightB=\dimen160
\@IEEEquantizeheightC=\dimen161
\@IEEEquantizeprevdepth=\dimen162
\@IEEEquantizemultiple=\count275
\@IEEEquantizeboxA=\box52
\@IEEEtmpitemindent=\dimen163
\IEEEPARstartletwidth=\dimen164
\c@IEEEbiography=\count276
\@IEEEtranrubishbin=\box53
) (/usr/local/texlive/2025/texmf-dist/tex/latex/url/url.sty
\Urlmuskip=\muskip17
Package: url 2013/09/16  ver 3.4  Verb mode for urls, etc.
)
(/usr/local/texlive/2025/texmf-dist/tex/latex/graphics/graphicx.sty
Package: graphicx 2021/09/16 v1.2d Enhanced LaTeX Graphics (DPC,SPQR)

(/usr/local/texlive/2025/texmf-dist/tex/latex/graphics/keyval.sty
Package: keyval 2022/05/29 v1.15 key=value parser (DPC)
\KV@toks@=\toks18
)
(/usr/local/texlive/2025/texmf-dist/tex/latex/graphics/graphics.sty
Package: graphics 2024/08/06 v1.4g Standard LaTeX Graphics (DPC,SPQR)

(/usr/local/texlive/2025/texmf-dist/tex/latex/graphics/trig.sty
Package: trig 2023/12/02 v1.11 sin cos tan (DPC)
)
(/usr/local/texlive/2025/texmf-dist/tex/latex/graphics-cfg/graphics.cfg
File: graphics.cfg 2016/06/04 v1.11 sample graphics configuration
)
Package graphics Info: Driver file: pdftex.def on input line 106.

(/usr/local/texlive/2025/texmf-dist/tex/latex/graphics-def/pdftex.def
File: pdftex.def 2024/04/13 v1.2c Graphics/color driver for pdftex
))
\Gin@req@height=\dimen165
\Gin@req@width=\dimen166
)
(/usr/local/texlive/2025/texmf-dist/tex/latex/subfigure/subfigure.sty
Package: subfigure 2002/03/15 v2.1.5 subfigure package
\subfigtopskip=\skip52
\subfigcapskip=\skip53
\subfigcaptopadj=\dimen167
\subfigbottomskip=\skip54
\subfigcapmargin=\dimen168
\subfiglabelskip=\skip55
\c@subfigure=\count277
\c@lofdepth=\count278
\c@subtable=\count279
\c@lotdepth=\count280

****************************************
* Local config file subfigure.cfg used *
****************************************
(/usr/local/texlive/2025/texmf-dist/tex/latex/subfigure/subfigure.cfg)
\subfig@top=\skip56
\subfig@bottom=\skip57
)
(/usr/local/texlive/2025/texmf-dist/tex/latex/booktabs/booktabs.sty
Package: booktabs 2020/01/12 v1.61803398 Publication quality tables
\heavyrulewidth=\dimen169
\lightrulewidth=\dimen170
\cmidrulewidth=\dimen171
\belowrulesep=\dimen172
\belowbottomsep=\dimen173
\aboverulesep=\dimen174
\abovetopsep=\dimen175
\cmidrulesep=\dimen176
\cmidrulekern=\dimen177
\defaultaddspace=\dimen178
\@cmidla=\count281
\@cmidlb=\count282
\@aboverulesep=\dimen179
\@belowrulesep=\dimen180
\@thisruleclass=\count283
\@lastruleclass=\count284
\@thisrulewidth=\dimen181
)
(/usr/local/texlive/2025/texmf-dist/tex/latex/tools/array.sty
Package: array 2024/10/17 v2.6g Tabular extension package (FMi)
\col@sep=\dimen182
\ar@mcellbox=\box54
\extrarowheight=\dimen183
\NC@list=\toks19
\extratabsurround=\skip58
\backup@length=\skip59
\ar@cellbox=\box55
)
(/usr/local/texlive/2025/texmf-dist/tex/latex/amsmath/amsmath.sty
Package: amsmath 2024/11/05 v2.17t AMS math features
\@mathmargin=\skip60

For additional information on amsmath, use the `?' option.
(/usr/local/texlive/2025/texmf-dist/tex/latex/amsmath/amstext.sty
Package: amstext 2021/08/26 v2.01 AMS text

(/usr/local/texlive/2025/texmf-dist/tex/latex/amsmath/amsgen.sty
File: amsgen.sty 1999/11/30 v2.0 generic functions
\@emptytoks=\toks20
\ex@=\dimen184
))
(/usr/local/texlive/2025/texmf-dist/tex/latex/amsmath/amsbsy.sty
Package: amsbsy 1999/11/29 v1.2d Bold Symbols
\pmbraise@=\dimen185
)
(/usr/local/texlive/2025/texmf-dist/tex/latex/amsmath/amsopn.sty
Package: amsopn 2022/04/08 v2.04 operator names
)
\inf@bad=\count285
LaTeX Info: Redefining \frac on input line 233.
\uproot@=\count286
\leftroot@=\count287
LaTeX Info: Redefining \overline on input line 398.
LaTeX Info: Redefining \colon on input line 409.
\classnum@=\count288
\DOTSCASE@=\count289
LaTeX Info: Redefining \ldots on input line 495.
LaTeX Info: Redefining \dots on input line 498.
LaTeX Info: Redefining \cdots on input line 619.
\Mathstrutbox@=\box56
\strutbox@=\box57
LaTeX Info: Redefining \big on input line 721.
LaTeX Info: Redefining \Big on input line 722.
LaTeX Info: Redefining \bigg on input line 723.
LaTeX Info: Redefining \Bigg on input line 724.
\big@size=\dimen186
LaTeX Font Info:    Redeclaring font encoding OML on input line 742.
LaTeX Font Info:    Redeclaring font encoding OMS on input line 743.
\macc@depth=\count290
LaTeX Info: Redefining \bmod on input line 904.
LaTeX Info: Redefining \pmod on input line 909.
LaTeX Info: Redefining \smash on input line 939.
LaTeX Info: Redefining \relbar on input line 969.
LaTeX Info: Redefining \Relbar on input line 970.
\c@MaxMatrixCols=\count291
\dotsspace@=\muskip18
\c@parentequation=\count292
\dspbrk@lvl=\count293
\tag@help=\toks21
\row@=\count294
\column@=\count295
\maxfields@=\count296
\andhelp@=\toks22
\eqnshift@=\dimen187
\alignsep@=\dimen188
\tagshift@=\dimen189
\tagwidth@=\dimen190
\totwidth@=\dimen191
\lineht@=\dimen192
\@envbody=\toks23
\multlinegap=\skip61
\multlinetaggap=\skip62
\mathdisplay@stack=\toks24
LaTeX Info: Redefining \[ on input line 2953.
LaTeX Info: Redefining \] on input line 2954.
)
(/usr/local/texlive/2025/texmf-dist/tex/latex/amscls/amsthm.sty
Package: amsthm 2020/05/29 v2.20.6
\thm@style=\toks25
\thm@bodyfont=\toks26
\thm@headfont=\toks27
\thm@notefont=\toks28
\thm@headpunct=\toks29
\thm@preskip=\skip63
\thm@postskip=\skip64
\thm@headsep=\skip65
\dth@everypar=\toks30
)
(/usr/local/texlive/2025/texmf-dist/tex/latex/amsfonts/amssymb.sty
Package: amssymb 2013/01/14 v3.01 AMS font symbols

(/usr/local/texlive/2025/texmf-dist/tex/latex/amsfonts/amsfonts.sty
Package: amsfonts 2013/01/14 v3.01 Basic AMSFonts support
\symAMSa=\mathgroup4
\symAMSb=\mathgroup5
LaTeX Font Info:    Redeclaring math symbol \hbar on input line 98.
LaTeX Font Info:    Overwriting math alphabet `\mathfrak' in version `bold'
(Font)                  U/euf/m/n --> U/euf/b/n on input line 106.
))
(/usr/local/texlive/2025/texmf-dist/tex/latex/autobreak/autobreak.sty
Package: autobreak 2017/02/23 v0.3 simple line breaking of long formulae
\everybeforeautobreak=\toks31
\everyafterautobreak=\toks32
\@autobreak@alltoks=\toks33
\@autobreak@linetoks=\toks34
\@autobreak@lhswidth=\dimen193
\@autobreak@rhswidth=\dimen194
\@autobreak@maxlhswidth=\dimen195
\@autobreak@realmaxlhswidth=\dimen196
\@autobreak@maxrhswidth=\dimen197
\c@@autobreak@eqnindex=\count297
\c@@autobreak@subeqnindex=\count298

(/usr/local/texlive/2025/texmf-dist/tex/generic/catchfile/catchfile.sty
Package: catchfile 2019/12/09 v1.8 Catch the contents of a file (HO)

(/usr/local/texlive/2025/texmf-dist/tex/generic/infwarerr/infwarerr.sty
Package: infwarerr 2019/12/03 v1.5 Providing info/warning/error messages (HO)
)
(/usr/local/texlive/2025/texmf-dist/tex/generic/ltxcmds/ltxcmds.sty
Package: ltxcmds 2023-12-04 v1.26 LaTeX kernel commands for general use (HO)
)
(/usr/local/texlive/2025/texmf-dist/tex/generic/etexcmds/etexcmds.sty
Package: etexcmds 2019/12/15 v1.7 Avoid name clashes with e-TeX commands (HO)

(/usr/local/texlive/2025/texmf-dist/tex/generic/iftex/iftex.sty
Package: iftex 2024/12/12 v1.0g TeX engine tests
))))
(/usr/local/texlive/2025/texmf-dist/tex/latex/psnfss/pifont.sty
Package: pifont 2020/03/25 PSNFSS-v9.3 Pi font support (SPQR) 
LaTeX Font Info:    Trying to load font information for U+pzd on input line 63.


(/usr/local/texlive/2025/texmf-dist/tex/latex/psnfss/upzd.fd
File: upzd.fd 2001/06/04 font definitions for U/pzd.
)
LaTeX Font Info:    Trying to load font information for U+psy on input line 64.


(/usr/local/texlive/2025/texmf-dist/tex/latex/psnfss/upsy.fd
File: upsy.fd 2001/06/04 font definitions for U/psy.
))
(/usr/local/texlive/2025/texmf-dist/tex/latex/algorithm2e/algorithm2e.sty
Package: algorithm2e 2017/07/18 v5.2 algorithms environments
\c@AlgoLine=\count299

(/usr/local/texlive/2025/texmf-dist/tex/latex/base/ifthen.sty
Package: ifthen 2024/03/16 v1.1e Standard LaTeX ifthen package (DPC)
)
\algocf@hangindent=\skip66

(/usr/local/texlive/2025/texmf-dist/tex/latex/ifoddpage/ifoddpage.sty
Package: ifoddpage 2022/10/18 v1.2 Conditionals for odd/even page detection
\c@checkoddpage=\count300
)
(/usr/local/texlive/2025/texmf-dist/tex/latex/tools/xspace.sty
Package: xspace 2014/10/28 v1.13 Space after command names (DPC,MH)
)
(/usr/local/texlive/2025/texmf-dist/tex/latex/relsize/relsize.sty
Package: relsize 2013/03/29 ver 4.1
)
\skiptotal=\skip67
\skiplinenumber=\skip68
\skiprule=\skip69
\skiphlne=\skip70
\skiptext=\skip71
\skiplength=\skip72
\algomargin=\skip73
\skipalgocfslide=\skip74
\algowidth=\dimen198
\inoutsize=\dimen199
\inoutindent=\dimen256
\interspacetitleruled=\dimen257
\interspacealgoruled=\dimen258
\interspacetitleboxruled=\dimen259
\algocf@ruledwidth=\skip75
\algocf@inoutbox=\box58
\algocf@inputbox=\box59
\AlCapSkip=\skip76
\AlCapHSkip=\skip77
\algoskipindent=\skip78
\algocf@nlbox=\box60
\algocf@hangingbox=\box61
\algocf@untilbox=\box62
\algocf@skipuntil=\skip79
\algocf@capbox=\box63
\algocf@lcaptionbox=\skip80
\algoheightruledefault=\skip81
\algoheightrule=\skip82
\algotitleheightruledefault=\skip83
\algotitleheightrule=\skip84
\c@algocfline=\count301
\c@algocfproc=\count302
\c@algocf=\count303
\algocf@algoframe=\box64
\algocf@algobox=\box65
)
(/usr/local/texlive/2025/texmf-dist/tex/latex/xcolor/xcolor.sty
Package: xcolor 2024/09/29 v3.02 LaTeX color extensions (UK)

(/usr/local/texlive/2025/texmf-dist/tex/latex/graphics-cfg/color.cfg
File: color.cfg 2016/01/02 v1.6 sample color configuration
)
Package xcolor Info: Driver file: pdftex.def on input line 274.

(/usr/local/texlive/2025/texmf-dist/tex/latex/graphics/mathcolor.ltx)
Package xcolor Info: Model `cmy' substituted by `cmy0' on input line 1349.
Package xcolor Info: Model `hsb' substituted by `rgb' on input line 1353.
Package xcolor Info: Model `RGB' extended on input line 1365.
Package xcolor Info: Model `HTML' substituted by `rgb' on input line 1367.
Package xcolor Info: Model `Hsb' substituted by `hsb' on input line 1368.
Package xcolor Info: Model `tHsb' substituted by `hsb' on input line 1369.
Package xcolor Info: Model `HSB' substituted by `hsb' on input line 1370.
Package xcolor Info: Model `Gray' substituted by `gray' on input line 1371.
Package xcolor Info: Model `wave' substituted by `hsb' on input line 1372.
)
(/usr/local/texlive/2025/texmf-dist/tex/latex/colortbl/colortbl.sty
Package: colortbl 2024/07/06 v1.0i Color table columns (DPC)
\everycr=\toks35
\minrowclearance=\skip85
\rownum=\count304
)
(/usr/local/texlive/2025/texmf-dist/tex/latex/footmisc/footmisc.sty
Package: footmisc 2024/12/24 v6.0g a miscellany of footnote facilities
\FN@temptoken=\toks36
\footnotemargin=\dimen260
\@outputbox@depth=\dimen261
Package footmisc Info: Declaring symbol style bringhurst on input line 699.
Package footmisc Info: Declaring symbol style chicago on input line 707.
Package footmisc Info: Declaring symbol style wiley on input line 716.
Package footmisc Info: Declaring symbol style lamport-robust on input line 727.

Package footmisc Info: Declaring symbol style lamport* on input line 747.
Package footmisc Info: Declaring symbol style lamport*-robust on input line 768
.
)
(/usr/local/texlive/2025/texmf-dist/tex/latex/tools/bm.sty
Package: bm 2023/12/19 v1.2f Bold Symbol Support (DPC/FMi)
\symboldoperators=\mathgroup6
\symboldletters=\mathgroup7
\symboldsymbols=\mathgroup8
Package bm Info: No bold for \OMX/cmex/m/n, using \pmb.
Package bm Info: No bold for \U/msa/m/n, using \pmb.
Package bm Info: No bold for \U/msb/m/n, using \pmb.
LaTeX Font Info:    Redeclaring math alphabet \mathbf on input line 149.
)
(/usr/local/texlive/2025/texmf-dist/tex/latex/graphics/epsfig.sty
Package: epsfig 2024/01/14 v1.7b (e)psfig emulation (SPQR)
\epsfxsize=\dimen262
\epsfysize=\dimen263
)
(/usr/local/texlive/2025/texmf-dist/tex/latex/tools/verbatim.sty
Package: verbatim 2024-01-22 v1.5x LaTeX2e package for verbatim enhancements
\every@verbatim=\toks37
\verbatim@line=\toks38
\verbatim@in@stream=\read2
)
(/usr/local/texlive/2025/texmf-dist/tex/latex/cite/cite.sty
LaTeX Info: Redefining \cite on input line 302.
LaTeX Info: Redefining \nocite on input line 332.
Package: cite 2015/02/27  v 5.5
)
(/usr/local/texlive/2025/texmf-dist/tex/latex/tools/tabularx.sty
Package: tabularx 2023/12/11 v2.12a `tabularx' package (DPC)
\TX@col@width=\dimen264
\TX@old@table=\dimen265
\TX@old@col=\dimen266
\TX@target=\dimen267
\TX@delta=\dimen268
\TX@cols=\count305
\TX@ftn=\toks39
)
(/usr/local/texlive/2025/texmf-dist/tex/latex/caption/caption.sty
Package: caption 2023/08/05 v3.6o Customizing captions (AR)

(/usr/local/texlive/2025/texmf-dist/tex/latex/caption/caption3.sty
Package: caption3 2023/07/31 v2.4d caption3 kernel (AR)
\caption@tempdima=\dimen269
\captionmargin=\dimen270
\caption@leftmargin=\dimen271
\caption@rightmargin=\dimen272
\caption@width=\dimen273
\caption@indent=\dimen274
\caption@parindent=\dimen275
\caption@hangindent=\dimen276
Package caption Info: Unknown document class (or package),
(caption)             standard defaults will be used.
Package caption Info: \@makecaption = \long macro:#1#2->\ifx \@captype \@IEEEta
blestring \footnotesize \bgroup \par \centering \@IEEEtabletopskipstrut {\norma
lfont \footnotesize #1}\\{\normalfont \footnotesize \scshape #2}\par \addvspace
 {0.5\baselineskip }\egroup \@IEEEtablecaptionsepspace \else \@IEEEfigurecaptio
nsepspace \setbox \@tempboxa \hbox {\normalfont \footnotesize {#1.}\nobreakspac
e \nobreakspace #2}\ifdim \wd \@tempboxa >\hsize \setbox \@tempboxa \hbox {\nor
malfont \footnotesize {#1.}\nobreakspace \nobreakspace }\parbox [t]{\hsize }{\n
ormalfont \footnotesize \noindent \unhbox \@tempboxa #2}\else \ifCLASSOPTIONcon
ference \hbox to\hsize {\normalfont \footnotesize \hfil \box \@tempboxa \hfil }
\else \hbox to\hsize {\normalfont \footnotesize \box \@tempboxa \hfil }\fi \fi 
\fi  on input line 1175.
)

Package caption Warning: Unknown document class (or package),
(caption)                standard defaults will be used.
See the caption package documentation for explanation.

\c@caption@flags=\count306
\c@continuedfloat=\count307
Package caption Info: subfigure package is loaded.
) (/usr/local/texlive/2025/texmf-dist/tex/latex/float/float.sty
Package: float 2001/11/08 v1.3d Float enhancements (AL)
\c@float@type=\count308
\float@exts=\toks40
\float@box=\box66
\@float@everytoks=\toks41
\@floatcapt=\box67
)
(/usr/local/texlive/2025/texmf-dist/tex/latex/caption/subcaption.sty
Package: subcaption 2023/07/28 v1.6b Sub-captions (AR)
LaTeX Info: Redefining \subref on input line 189.
Package subcaption Info: The counter `subfigure' was already defined by
(subcaption)             an unknown document class or package on input line 238
.
Package subcaption Info: The counter `subtable' was already defined by
(subcaption)             an unknown document class or package on input line 238
.
)

LaTeX Warning: Package "xcolor" has already been loaded: ignoring load-time
(LaTeX)        option "xcdraw".

(/usr/local/texlive/2025/texmf-dist/tex/latex/tools/indentfirst.sty
Package: indentfirst 2023/07/02 v1.03 Indent first paragraph (DPC)
)
(/usr/local/texlive/2025/texmf-dist/tex/latex/l3backend/l3backend-pdftex.def
File: l3backend-pdftex.def 2024-05-08 L3 backend support: PDF output (pdfTeX)
\l__color_backend_stack_int=\count309
\l__pdf_internal_box=\box68
)
(./main.aux)
\openout1 = `main.aux'.

LaTeX Font Info:    Checking defaults for OML/cmm/m/it on input line 43.
LaTeX Font Info:    ... okay on input line 43.
LaTeX Font Info:    Checking defaults for OMS/cmsy/m/n on input line 43.
LaTeX Font Info:    ... okay on input line 43.
LaTeX Font Info:    Checking defaults for OT1/cmr/m/n on input line 43.
LaTeX Font Info:    ... okay on input line 43.
LaTeX Font Info:    Checking defaults for T1/cmr/m/n on input line 43.
LaTeX Font Info:    ... okay on input line 43.
LaTeX Font Info:    Checking defaults for TS1/cmr/m/n on input line 43.
LaTeX Font Info:    ... okay on input line 43.
LaTeX Font Info:    Checking defaults for OMX/cmex/m/n on input line 43.
LaTeX Font Info:    ... okay on input line 43.
LaTeX Font Info:    Checking defaults for U/cmr/m/n on input line 43.
LaTeX Font Info:    ... okay on input line 43.

-- Lines per column: 56 (exact).
(/usr/local/texlive/2025/texmf-dist/tex/context/base/mkii/supp-pdf.mkii
[Loading MPS to PDF converter (version 2006.09.02).]
\scratchcounter=\count310
\scratchdimen=\dimen277
\scratchbox=\box69
\nofMPsegments=\count311
\nofMParguments=\count312
\everyMPshowfont=\toks42
\MPscratchCnt=\count313
\MPscratchDim=\dimen278
\MPnumerator=\count314
\makeMPintoPDFobject=\count315
\everyMPtoPDFconversion=\toks43
) (/usr/local/texlive/2025/texmf-dist/tex/latex/epstopdf-pkg/epstopdf-base.sty
Package: epstopdf-base 2020-01-24 v2.11 Base part for package epstopdf
Package epstopdf-base Info: Redefining graphics rule for `.eps' on input line 4
85.

(/usr/local/texlive/2025/texmf-dist/tex/latex/latexconfig/epstopdf-sys.cfg
File: epstopdf-sys.cfg 2010/07/13 v1.3 Configuration of (r)epstopdf for TeX Liv
e
))
Package caption Info: Begin \AtBeginDocument code.
Package caption Info: float package is loaded.
Package caption Info: End \AtBeginDocument code.


<figs/sys_scenario2.pdf, id=1, 1248.37828pt x 493.94208pt>
File: figs/sys_scenario2.pdf Graphic file (type pdf)
<use figs/sys_scenario2.pdf>
Package pdftex.def Info: figs/sys_scenario2.pdf  used on input line 83.
(pdftex.def)             Requested size: 231.83954pt x 91.72455pt.


[1{/usr/local/texlive/2025/texmf-var/fonts/map/pdftex/updmap/pdftex.map}{/usr/l
ocal/texlive/2025/texmf-dist/fonts/enc/dvips/base/8r.enc}


 <./figs/sys_scenario2.pdf>]
LaTeX Font Info:    Trying to load font information for U+msa on input line 106
.
 (/usr/local/texlive/2025/texmf-dist/tex/latex/amsfonts/umsa.fd
File: umsa.fd 2013/01/14 v3.01 AMS symbols A
)
LaTeX Font Info:    Trying to load font information for U+msb on input line 106
.

(/usr/local/texlive/2025/texmf-dist/tex/latex/amsfonts/umsb.fd
File: umsb.fd 2013/01/14 v3.01 AMS symbols B
)
Underfull \hbox (badness 2495) in paragraph at lines 107--109
[]\OT1/ptm/b/n/10 Augmented Satellite-Microservice Sub-graph Con-
 []





[2]



[3]



[4]



[5]
<figs/ms_split.pdf, id=99, 749.92169pt x 198.7425pt>
File: figs/ms_split.pdf Graphic file (type pdf)
<use figs/ms_split.pdf>
Package pdftex.def Info: figs/ms_split.pdf  used on input line 1059.
(pdftex.def)             Requested size: 252.0pt x 66.78308pt.



LaTeX Warning: Reference `eq:shannon_rate2' on page 6 undefined on input line 1
155.


LaTeX Warning: Reference `eq:comm_energy_cost' on page 6 undefined on input lin
e 1155.

<figs/satellite_routing.pdf, id=100, 770.43419pt x 346.20764pt>
File: figs/satellite_routing.pdf Graphic file (type pdf)
<use figs/satellite_routing.pdf>
Package pdftex.def Info: figs/satellite_routing.pdf  used on input line 1166.
(pdftex.def)             Requested size: 189.0pt x 84.9299pt.
<figs/2.pdf, id=101, 1746.525pt x 440.39531pt>
File: figs/2.pdf Graphic file (type pdf)
<use figs/2.pdf>
Package pdftex.def Info: figs/2.pdf  used on input line 1183.
(pdftex.def)             Requested size: 495.36346pt x 124.90916pt.


[6 <./figs/ms_split.pdf>]



[7 <./figs/satellite_routing.pdf>]
<figs/exp/chain_tree.pdf, id=146, 427.5975pt x 193.6836pt>
File: figs/exp/chain_tree.pdf Graphic file (type pdf)
<use figs/exp/chain_tree.pdf>
Package pdftex.def Info: figs/exp/chain_tree.pdf  used on input line 1333.
(pdftex.def)             Requested size: 126.0pt x 57.07114pt.
<figs/exp/stree_micro.pdf, id=147, 627.30356pt x 283.0575pt>
File: figs/exp/stree_micro.pdf Graphic file (type pdf)
<use figs/exp/stree_micro.pdf>
Package pdftex.def Info: figs/exp/stree_micro.pdf  used on input line 1338.
(pdftex.def)             Requested size: 176.39923pt x 79.59676pt.



Underfull \hbox (badness 2635) in paragraph at lines 1357--1358
[]\OT1/ptm/b/n/10 Microservices. \OT1/ptm/m/n/10 Ac-cord-ing to the mi-croser-v
ice set-ting
 []



[8 <./figs/2.pdf> <./figs/exp/chain_tree.pdf> <./figs/exp/stree_micro.pdf>]
<figs/new-exp/constellation72.pdf, id=175, 587.42pt x 465.66281pt>
File: figs/new-exp/constellation72.pdf Graphic file (type pdf)
<use figs/new-exp/constellation72.pdf>
Package pdftex.def Info: figs/new-exp/constellation72.pdf  used on input line 1
395.
(pdftex.def)             Requested size: 144.47937pt x 114.53247pt.
<figs/new-exp/constellation48.pdf, id=176, 587.40211pt x 465.66281pt>
File: figs/new-exp/constellation48.pdf Graphic file (type pdf)
<use figs/new-exp/constellation48.pdf>
Package pdftex.def Info: figs/new-exp/constellation48.pdf  used on input line 1
401.
(pdftex.def)             Requested size: 144.47937pt x 114.53247pt.
<figs/new-exp/constellation108.pdf, id=177, 587.42pt x 465.66281pt>
File: figs/new-exp/constellation108.pdf Graphic file (type pdf)
<use figs/new-exp/constellation108.pdf>
Package pdftex.def Info: figs/new-exp/constellation108.pdf  used on input line 
1407.
(pdftex.def)             Requested size: 144.47937pt x 114.53247pt.
<figs/new-exp/trans_power_chain.pdf, id=178, 629.78592pt x 453.80531pt>
File: figs/new-exp/trans_power_chain.pdf Graphic file (type pdf)
<use figs/new-exp/trans_power_chain.pdf>
Package pdftex.def Info: figs/new-exp/trans_power_chain.pdf  used on input line
 1420.
(pdftex.def)             Requested size: 144.47937pt x 104.10297pt.
<figs/new-exp/trans_power_tree.pdf, id=179, 629.78592pt x 453.7979pt>
File: figs/new-exp/trans_power_tree.pdf Graphic file (type pdf)
<use figs/new-exp/trans_power_tree.pdf>
Package pdftex.def Info: figs/new-exp/trans_power_tree.pdf  used on input line 
1426.
(pdftex.def)             Requested size: 144.47937pt x 104.10126pt.
<figs/new-exp/trans_power_stree.pdf, id=180, 629.78592pt x 453.7979pt>
File: figs/new-exp/trans_power_stree.pdf Graphic file (type pdf)
<use figs/new-exp/trans_power_stree.pdf>
Package pdftex.def Info: figs/new-exp/trans_power_stree.pdf  used on input line
 1432.
(pdftex.def)             Requested size: 144.47937pt x 104.10126pt.


<figs/new-exp/robust_chain.pdf, id=181, 593.19186pt x 485.0953pt>
File: figs/new-exp/robust_chain.pdf Graphic file (type pdf)
<use figs/new-exp/robust_chain.pdf>
Package pdftex.def Info: figs/new-exp/robust_chain.pdf  used on input line 1469
.
(pdftex.def)             Requested size: 144.47937pt x 118.1499pt.
<figs/new-exp/robust_tree.pdf, id=182, 593.19554pt x 485.0953pt>
File: figs/new-exp/robust_tree.pdf Graphic file (type pdf)
<use figs/new-exp/robust_tree.pdf>
Package pdftex.def Info: figs/new-exp/robust_tree.pdf  used on input line 1475.

(pdftex.def)             Requested size: 144.47937pt x 118.1499pt.
<figs/new-exp/robust_stree.pdf, id=183, 593.19554pt x 485.0953pt>
File: figs/new-exp/robust_stree.pdf Graphic file (type pdf)
<use figs/new-exp/robust_stree.pdf>
Package pdftex.def Info: figs/new-exp/robust_stree.pdf  used on input line 1481
.
(pdftex.def)             Requested size: 144.47937pt x 118.1499pt.
<figs/new-exp/svc_replica_chain.pdf, id=184, 592.11472pt x 489.36327pt>
File: figs/new-exp/svc_replica_chain.pdf Graphic file (type pdf)
<use figs/new-exp/svc_replica_chain.pdf>
Package pdftex.def Info: figs/new-exp/svc_replica_chain.pdf  used on input line
 1494.
(pdftex.def)             Requested size: 144.47937pt x 119.40594pt.
<figs/new-exp/svc_replica_tree.pdf, id=185, 592.11472pt x 489.36327pt>
File: figs/new-exp/svc_replica_tree.pdf Graphic file (type pdf)
<use figs/new-exp/svc_replica_tree.pdf>
Package pdftex.def Info: figs/new-exp/svc_replica_tree.pdf  used on input line 
1500.
(pdftex.def)             Requested size: 144.47937pt x 119.40594pt.
<figs/new-exp/svc_replica_stree.pdf, id=186, 592.11472pt x 489.36327pt>
File: figs/new-exp/svc_replica_stree.pdf Graphic file (type pdf)
<use figs/new-exp/svc_replica_stree.pdf>
Package pdftex.def Info: figs/new-exp/svc_replica_stree.pdf  used on input line
 1506.
(pdftex.def)             Requested size: 144.47937pt x 119.40594pt.


[9]

LaTeX Warning: Text page 10 contains only floats.


Overfull \vbox (19.7975pt too high) has occurred while \output is active []




LaTeX Warning: Text page 10 contains only floats.


Overfull \vbox (19.7975pt too high) has occurred while \output is active []



[10 <./figs/new-exp/constellation72.pdf> <./figs/new-exp/constellation48.pdf

pdfTeX warning: pdflatex (file ./figs/new-exp/constellation48.pdf): PDF inclusi
on: multiple pdfs with page group included in a single page
> <./figs/new-exp/constellation108.pdf

pdfTeX warning: pdflatex (file ./figs/new-exp/constellation108.pdf): PDF inclus
ion: multiple pdfs with page group included in a single page
> <./figs/new-exp/trans_power_chain.pdf

pdfTeX warning: pdflatex (file ./figs/new-exp/trans_power_chain.pdf): PDF inclu
sion: multiple pdfs with page group included in a single page
> <./figs/new-exp/trans_power_tree.pdf

pdfTeX warning: pdflatex (file ./figs/new-exp/trans_power_tree.pdf): PDF inclus
ion: multiple pdfs with page group included in a single page
> <./figs/new-exp/trans_power_stree.pdf

pdfTeX warning: pdflatex (file ./figs/new-exp/trans_power_stree.pdf): PDF inclu
sion: multiple pdfs with page group included in a single page
> <./figs/new-exp/robust_chain.pdf

pdfTeX warning: pdflatex (file ./figs/new-exp/robust_chain.pdf): PDF inclusion:
 multiple pdfs with page group included in a single page
> <./figs/new-exp/robust_tree.pdf

pdfTeX warning: pdflatex (file ./figs/new-exp/robust_tree.pdf): PDF inclusion: 
multiple pdfs with page group included in a single page
> <./figs/new-exp/robust_stree.pdf

pdfTeX warning: pdflatex (file ./figs/new-exp/robust_stree.pdf): PDF inclusion:
 multiple pdfs with page group included in a single page
> <./figs/new-exp/svc_replica_chain.pdf

pdfTeX warning: pdflatex (file ./figs/new-exp/svc_replica_chain.pdf): PDF inclu
sion: multiple pdfs with page group included in a single page
> <./figs/new-exp/svc_replica_tree.pdf

pdfTeX warning: pdflatex (file ./figs/new-exp/svc_replica_tree.pdf): PDF inclus
ion: multiple pdfs with page group included in a single page
> <./figs/new-exp/svc_replica_stree.pdf

pdfTeX warning: pdflatex (file ./figs/new-exp/svc_replica_stree.pdf): PDF inclu
sion: multiple pdfs with page group included in a single page
>]
<figs/new-exp/StreeDist.pdf, id=374, 599.24867pt x 467.9645pt>
File: figs/new-exp/StreeDist.pdf Graphic file (type pdf)
<use figs/new-exp/StreeDist.pdf>
Package pdftex.def Info: figs/new-exp/StreeDist.pdf  used on input line 1528.
(pdftex.def)             Requested size: 189.0pt x 147.59525pt.
 (./main.bbl


Underfull \hbox (badness 3000) in paragraph at lines 26--30
[]\OT1/ptm/m/n/8 H. Al-Hraishawi, H. Chougrani, S. Kisse-l-eff, E. La-gu-nas, a
nd
 []



[11 <./figs/new-exp/StreeDist.pdf>])

** Conference Paper **
Before submitting the final camera ready copy, remember to:

 1. Manually equalize the lengths of two columns on the last page
 of your paper;

 2. Ensure that any PostScript and/or PDF output post-processing
 uses only Type 1 fonts and that every step in the generation
 process uses the appropriate paper size.





[12

] (./main.aux)
 ***********
LaTeX2e <2024-11-01> patch level 2
L3 programming layer <2025-01-18>
 ***********


LaTeX Warning: There were undefined references.

 ) 
Here is how much of TeX's memory you used:
 8227 strings out of 473190
 141424 string characters out of 5715799
 567096 words of memory out of 5000000
 31337 multiletter control sequences out of 15000+600000
 601088 words of font info for 110 fonts, out of 8000000 for 9000
 1144 hyphenation exceptions out of 8191
 71i,20n,79p,1369b,556s stack positions out of 10000i,1000n,20000p,200000b,200000s
</usr/local/texlive/2025/texmf-dist/fonts/type1/public/amsfonts/cm/cmbx10.pfb
></usr/local/texlive/2025/texmf-dist/fonts/type1/public/amsfonts/cm/cmbx7.pfb><
/usr/local/texlive/2025/texmf-dist/fonts/type1/public/amsfonts/cm/cmex10.pfb></
usr/local/texlive/2025/texmf-dist/fonts/type1/public/amsfonts/cm/cmmi10.pfb></u
sr/local/texlive/2025/texmf-dist/fonts/type1/public/amsfonts/cm/cmmi5.pfb></usr
/local/texlive/2025/texmf-dist/fonts/type1/public/amsfonts/cm/cmmi7.pfb></usr/l
ocal/texlive/2025/texmf-dist/fonts/type1/public/amsfonts/cm/cmr10.pfb></usr/loc
al/texlive/2025/texmf-dist/fonts/type1/public/amsfonts/cm/cmr5.pfb></usr/local/
texlive/2025/texmf-dist/fonts/type1/public/amsfonts/cm/cmr7.pfb></usr/local/tex
live/2025/texmf-dist/fonts/type1/public/amsfonts/cm/cmsy10.pfb></usr/local/texl
ive/2025/texmf-dist/fonts/type1/public/amsfonts/cm/cmsy5.pfb></usr/local/texliv
e/2025/texmf-dist/fonts/type1/public/amsfonts/cm/cmsy7.pfb></usr/local/texlive/
2025/texmf-dist/fonts/type1/public/amsfonts/symbols/msbm10.pfb></usr/local/texl
ive/2025/texmf-dist/fonts/type1/urw/times/utmb8a.pfb></usr/local/texlive/2025/t
exmf-dist/fonts/type1/urw/times/utmbi8a.pfb></usr/local/texlive/2025/texmf-dist
/fonts/type1/urw/times/utmr8a.pfb></usr/local/texlive/2025/texmf-dist/fonts/typ
e1/urw/times/utmri8a.pfb></usr/local/texlive/2025/texmf-dist/fonts/type1/urw/za
pfding/uzdr.pfb>
Output written on main.pdf (12 pages, 3543757 bytes).
PDF statistics:
 467 PDF objects out of 1000 (max. 8388607)
 312 compressed objects within 4 object streams
 0 named destinations out of 1000 (max. 500000)
 96 words of extra memory for PDF output out of 10000 (max. 10000000)

